<?xml version="1.0" encoding="UTF-8"?>
<!-- Generated by org.testng.reporters.JUnitReportReporter -->
<testsuite hostname="LAPTOP-JN0A0H06" failures="0" tests="1" name="com.test.SampleTest" time="5.922" errors="0" timestamp="2023-10-08T01:24:56 IST" skipped="0">
  <testcase classname="com.test.SampleTest" name="simple" time="5.922"/>
  <system-out/>
</testsuite> <!-- com.test.SampleTest -->
