<?xml version="1.0" encoding="UTF-8"?>
<!-- Generated by org.testng.reporters.JUnitReportReporter -->
<testsuite hostname="LAPTOP-JN0A0H06" failures="0" tests="1" name="extraPackage.JustTest" time="8.135" errors="0" timestamp="2023-10-07T15:40:12 IST" skipped="0">
  <testcase classname="extraPackage.JustTest" name="testing" time="8.135"/>
  <system-out/>
</testsuite> <!-- extraPackage.JustTest -->
