<?xml version="1.0" encoding="UTF-8"?>
<!-- Generated by org.testng.reporters.JUnitReportReporter -->
<testsuite hostname="LAPTOP-JN0A0H06" failures="0" tests="1" name="com.test.LoginClass" time="7.937" errors="0" timestamp="2023-10-06T23:37:44 IST" skipped="0">
  <testcase classname="com.test.LoginClass" name="login" time="7.937"/>
  <system-out/>
</testsuite> <!-- com.test.LoginClass -->
