<?xml version="1.0" encoding="UTF-8"?>
<!-- Generated by org.testng.reporters.JUnitReportReporter -->
<testsuite hostname="LAPTOP-JN0A0H06" failures="0" tests="1" name="com.test.JustTest" time="5.481" errors="0" timestamp="2023-10-08T01:24:56 IST" skipped="0">
  <testcase classname="com.test.JustTest" name="testing" time="5.481"/>
  <system-out/>
</testsuite> <!-- com.test.JustTest -->
